SF:lib/likeminds_feed.dart
DA:20,1
DA:25,2
DA:26,2
DA:31,0
DA:33,0
DA:34,0
DA:35,0
DA:39,0
DA:42,0
DA:46,0
DA:49,0
DA:53,0
DA:55,0
DA:56,0
DA:57,0
DA:61,0
DA:63,0
DA:67,1
DA:69,3
DA:73,1
DA:76,3
DA:80,1
DA:81,3
DA:84,0
DA:85,0
DA:88,0
DA:89,0
DA:92,1
DA:93,3
DA:96,1
DA:97,3
DA:100,1
DA:101,3
DA:104,1
DA:105,3
DA:108,1
DA:109,3
DA:112,1
DA:113,3
DA:116,1
DA:117,3
DA:120,1
DA:121,3
DA:124,1
DA:125,3
DA:128,0
DA:130,0
DA:133,1
DA:135,1
DA:136,1
DA:137,1
DA:140,1
DA:142,3
DA:145,1
DA:147,1
DA:148,1
DA:149,1
DA:152,1
DA:154,3
DA:157,1
DA:159,1
DA:160,1
DA:161,1
DA:164,0
DA:165,0
DA:168,1
DA:169,3
DA:172,1
DA:173,3
DA:176,0
DA:178,0
DA:181,0
DA:183,0
DA:184,0
DA:185,0
DA:188,0
DA:189,0
DA:192,0
DA:193,0
DA:196,0
DA:197,0
DA:200,0
DA:202,0
DA:205,0
DA:208,0
DA:212,1
DA:214,3
DA:218,1
DA:221,3
DA:225,1
DA:228,3
DA:232,1
DA:234,1
DA:235,1
DA:236,1
DA:240,0
DA:242,0
DA:243,0
DA:244,0
DA:248,1
DA:250,1
DA:251,1
DA:252,1
DA:256,0
DA:258,0
DA:262,0
DA:264,0
DA:274,1
DA:275,1
DA:278,1
DA:279,1
DA:282,0
DA:283,0
DA:286,1
DA:287,1
DA:288,0
DA:290,2
DA:291,1
DA:292,1
DA:293,1
DA:294,1
LF:121
LH:72
end_of_record
SF:lib/src/methods/callback.dart
DA:5,0
DA:6,0
LF:2
LH:0
end_of_record
SF:lib/src/methods/sdk.dart
DA:24,1
DA:26,1
DA:27,1
DA:28,2
DA:34,1
DA:35,1
DA:36,2
DA:42,1
DA:43,1
DA:44,2
DA:50,1
DA:51,1
DA:52,2
DA:58,1
DA:59,1
DA:60,2
DA:66,1
DA:67,1
DA:68,2
DA:74,0
DA:75,0
DA:76,0
DA:82,0
DA:83,0
DA:84,0
DA:90,1
DA:91,1
DA:93,2
DA:99,0
DA:100,0
DA:101,0
DA:107,0
DA:108,0
DA:109,0
LF:34
LH:22
end_of_record
SF:lib/src/di/di_service.dart
DA:36,2
DA:38,1
DA:42,1
DA:43,1
DA:49,2
DA:50,0
DA:53,2
DA:54,1
DA:59,1
DA:60,1
DA:62,1
DA:64,1
DA:66,1
DA:68,1
DA:70,1
DA:72,1
DA:74,1
DA:76,1
DA:78,1
DA:79,1
DA:81,1
DA:82,1
DA:84,1
DA:86,1
DA:89,1
DA:91,1
DA:94,1
DA:96,1
DA:99,1
DA:101,1
DA:104,2
DA:106,2
DA:107,1
DA:110,2
DA:111,0
DA:114,2
DA:115,1
DA:118,2
DA:119,1
DA:122,2
DA:123,1
DA:126,2
DA:127,1
DA:130,2
DA:131,1
DA:134,2
DA:135,0
DA:138,2
DA:139,1
DA:142,2
DA:143,0
DA:146,2
DA:147,0
DA:153,3
LF:54
LH:49
end_of_record
SF:lib/src/repositories/access_repository.dart
DA:7,1
DA:13,0
DA:14,0
DA:15,0
DA:18,1
DA:19,2
DA:20,1
DA:23,1
DA:24,2
DA:25,1
LF:10
LH:7
end_of_record
SF:lib/src/repositories/auth_repository.dart
DA:8,1
DA:10,1
DA:12,1
DA:13,2
DA:17,0
DA:18,0
DA:19,0
DA:23,0
DA:24,0
DA:25,0
LF:10
LH:4
end_of_record
SF:lib/src/repositories/comment_repository.dart
DA:5,1
DA:8,1
DA:11,2
DA:13,1
DA:16,1
DA:19,2
DA:21,1
DA:24,1
DA:27,2
DA:28,1
DA:31,1
DA:34,2
DA:35,1
DA:38,1
DA:40,2
DA:41,1
DA:44,1
DA:47,2
DA:48,1
DA:51,1
DA:54,2
DA:55,1
DA:58,1
DA:61,2
DA:62,1
LF:25
LH:25
end_of_record
SF:lib/src/repositories/community_repository.dart
DA:7,1
DA:9,1
DA:11,2
DA:12,1
LF:4
LH:4
end_of_record
SF:lib/src/repositories/feed_repository.dart
DA:5,1
DA:8,1
DA:11,2
DA:13,1
DA:17,0
DA:20,0
DA:22,0
DA:25,0
DA:28,0
DA:30,0
DA:34,0
DA:37,0
DA:38,0
DA:41,0
DA:43,0
DA:44,0
DA:47,1
DA:49,2
DA:50,1
LF:19
LH:7
end_of_record
SF:lib/src/repositories/helper_repository.dart
DA:7,1
DA:9,0
DA:12,0
DA:13,0
DA:16,0
DA:19,0
DA:20,0
DA:23,0
DA:24,0
DA:27,0
DA:28,0
LF:11
LH:1
end_of_record
SF:lib/src/repositories/logger_repository.dart
DA:8,1
DA:10,0
DA:12,0
DA:14,0
LF:4
LH:1
end_of_record
SF:lib/src/repositories/moderation_repository.dart
DA:7,1
DA:9,0
DA:11,0
DA:12,0
LF:4
LH:1
end_of_record
SF:lib/src/repositories/notification_feed_repository.dart
DA:7,1
DA:9,1
DA:11,2
DA:12,1
DA:15,0
DA:17,0
DA:18,0
DA:21,1
DA:23,2
DA:24,1
LF:10
LH:7
end_of_record
SF:lib/src/repositories/post_repository.dart
DA:7,1
DA:9,1
DA:11,2
DA:12,1
DA:15,1
DA:17,2
DA:18,1
DA:21,1
DA:24,2
DA:25,1
DA:28,1
DA:30,2
DA:31,1
DA:34,1
DA:37,2
DA:38,1
DA:41,1
DA:43,2
DA:44,1
DA:47,1
DA:49,2
DA:50,1
DA:53,1
DA:55,2
DA:56,1
DA:59,0
DA:62,0
DA:63,0
LF:28
LH:25
end_of_record
SF:lib/src/repositories/widget_repository.dart
DA:7,1
DA:9,0
DA:10,0
LF:3
LH:1
end_of_record
SF:lib/src/services/access_service.dart
DA:9,1
DA:13,0
DA:15,0
DA:16,0
DA:17,0
DA:18,0
DA:19,0
DA:25,0
DA:28,0
DA:29,0
DA:31,0
DA:34,0
DA:35,0
DA:37,0
DA:46,1
DA:48,3
DA:49,3
DA:50,1
DA:53,2
DA:56,0
DA:57,0
DA:59,0
DA:62,0
DA:63,0
DA:65,0
DA:74,1
DA:77,3
DA:78,3
DA:79,1
DA:83,2
DA:86,0
DA:87,0
DA:89,0
DA:92,0
DA:93,0
DA:95,0
DA:99,0
DA:100,0
DA:102,0
DA:104,0
DA:105,0
LF:41
LH:11
end_of_record
SF:lib/src/services/api/api_client.dart
DA:22,1
DA:26,3
DA:29,2
DA:30,2
DA:32,0
DA:33,0
DA:34,0
DA:35,0
DA:36,2
DA:37,0
DA:38,2
DA:40,1
DA:41,1
DA:42,1
DA:45,0
DA:46,0
DA:47,0
DA:48,0
DA:49,0
DA:52,1
DA:53,1
DA:55,1
DA:61,1
DA:63,0
DA:66,4
DA:69,1
DA:70,1
DA:71,3
DA:72,3
DA:73,3
LF:30
LH:19
end_of_record
SF:lib/src/services/auth_service.dart
DA:14,1
DA:22,1
DA:26,3
DA:27,3
DA:28,1
DA:29,1
DA:30,1
DA:31,2
DA:37,2
DA:40,1
DA:42,1
DA:44,2
DA:45,1
DA:46,1
DA:48,1
DA:49,4
DA:50,4
DA:55,0
DA:56,0
DA:65,0
DA:66,0
DA:68,0
DA:71,0
DA:72,0
DA:74,0
DA:86,0
DA:87,0
DA:89,0
DA:90,0
DA:91,0
DA:92,0
DA:93,0
DA:98,0
DA:101,0
DA:102,0
DA:104,0
DA:107,0
DA:108,0
DA:110,0
DA:122,0
DA:124,0
DA:125,0
DA:126,0
DA:127,0
DA:132,0
DA:133,0
DA:134,0
DA:136,0
DA:137,0
DA:139,0
DA:142,0
DA:143,0
DA:145,0
LF:53
LH:17
end_of_record
SF:lib/src/services/comment_service.dart
DA:9,1
DA:11,1
DA:14,3
DA:15,2
DA:16,2
DA:17,1
DA:18,1
DA:19,4
DA:22,4
DA:23,2
DA:24,0
DA:25,0
DA:27,0
DA:30,0
DA:31,0
DA:33,0
DA:37,0
DA:38,0
DA:40,0
DA:42,0
DA:49,1
DA:52,3
DA:53,3
DA:54,2
DA:55,1
DA:56,1
DA:57,4
DA:60,4
DA:61,2
DA:62,0
DA:63,0
DA:65,0
DA:68,0
DA:69,0
DA:71,0
DA:75,0
DA:76,0
DA:78,0
DA:80,0
DA:86,1
DA:89,3
DA:90,3
DA:91,1
DA:92,1
DA:93,1
DA:94,4
DA:97,4
DA:98,2
DA:99,0
DA:100,0
DA:102,0
DA:105,0
DA:106,0
DA:108,0
DA:112,0
DA:113,0
DA:115,0
DA:117,0
DA:123,1
DA:125,3
DA:126,3
DA:127,3
DA:128,1
DA:129,4
DA:132,4
DA:133,2
DA:134,0
DA:135,0
DA:137,0
DA:140,0
DA:141,0
DA:143,0
DA:147,0
DA:148,0
DA:150,0
DA:152,0
DA:158,1
DA:161,3
DA:162,3
DA:163,1
DA:164,1
DA:166,2
DA:167,1
DA:168,4
DA:171,4
DA:172,2
DA:173,0
DA:174,0
DA:176,0
DA:179,0
DA:180,0
DA:182,0
DA:186,0
DA:187,0
DA:189,0
DA:191,0
DA:197,1
DA:200,3
DA:201,2
DA:202,3
DA:203,1
DA:204,1
DA:205,4
DA:208,4
DA:209,2
DA:210,0
DA:211,0
DA:213,0
DA:216,0
DA:217,0
DA:219,0
DA:223,0
DA:224,0
DA:226,0
DA:228,0
DA:234,1
DA:237,3
DA:238,3
DA:239,3
DA:240,1
DA:241,1
DA:242,4
DA:245,4
DA:246,2
DA:247,0
DA:248,0
DA:250,0
DA:253,0
DA:254,0
DA:256,0
DA:260,0
DA:261,0
DA:263,0
DA:265,0
DA:271,1
DA:274,3
DA:275,3
DA:276,1
DA:277,1
DA:279,1
DA:280,1
DA:281,1
DA:283,1
DA:284,4
DA:287,4
DA:288,2
DA:289,0
DA:290,0
DA:292,0
DA:295,0
DA:296,0
DA:298,0
DA:302,0
DA:303,0
DA:305,0
DA:307,0
LF:156
LH:76
end_of_record
SF:lib/src/services/community_service.dart
DA:9,1
DA:13,1
DA:16,3
DA:17,3
DA:21,2
DA:24,0
DA:25,0
DA:27,0
DA:30,0
DA:31,0
DA:33,0
LF:11
LH:5
end_of_record
SF:lib/src/services/feed_service.dart
DA:9,1
DA:13,0
DA:16,0
DA:17,0
DA:18,0
DA:19,0
DA:20,0
DA:23,0
DA:24,0
DA:25,0
DA:27,0
DA:30,0
DA:31,0
DA:33,0
DA:37,0
DA:38,0
DA:40,0
DA:42,0
DA:47,1
DA:50,3
DA:51,3
DA:52,1
DA:53,1
DA:54,4
DA:57,2
DA:58,0
DA:59,0
DA:61,0
DA:63,0
DA:64,0
DA:66,0
DA:72,0
DA:74,0
DA:75,0
DA:77,0
DA:78,0
DA:81,0
DA:82,0
DA:84,0
DA:85,0
DA:89,0
DA:91,0
DA:92,0
DA:94,0
DA:97,0
DA:98,0
DA:101,0
DA:111,0
DA:114,0
DA:115,0
DA:116,0
DA:117,0
DA:118,0
DA:121,0
DA:122,0
DA:123,0
DA:125,0
DA:128,0
DA:129,0
DA:132,0
DA:135,0
DA:136,0
DA:137,0
DA:143,0
DA:145,0
DA:146,0
DA:147,0
DA:148,0
DA:149,0
DA:153,0
DA:155,0
DA:156,0
DA:158,0
DA:161,0
DA:162,0
DA:164,0
DA:167,0
DA:173,1
DA:176,3
DA:177,4
DA:178,1
DA:179,1
DA:180,4
DA:184,2
DA:186,0
DA:187,0
DA:189,0
DA:192,0
DA:193,0
DA:195,0
LF:90
LH:15
end_of_record
SF:lib/src/services/helper_service.dart
DA:11,1
DA:12,1
DA:13,2
DA:14,2
DA:18,0
DA:21,0
DA:22,0
DA:23,0
DA:24,0
DA:25,0
DA:28,0
DA:29,0
DA:30,0
DA:31,0
DA:32,0
DA:35,0
DA:36,0
DA:38,0
DA:40,0
DA:43,0
DA:44,0
DA:46,0
DA:49,0
DA:50,0
DA:52,0
DA:59,0
DA:62,0
DA:63,0
DA:64,0
DA:65,0
DA:66,0
DA:69,0
DA:70,0
DA:74,0
DA:75,0
DA:76,0
DA:78,0
DA:81,0
DA:82,0
DA:84,0
DA:91,0
DA:92,0
DA:95,0
DA:96,0
LF:44
LH:4
end_of_record
SF:lib/src/services/logger_service.dart
DA:9,1
DA:11,0
DA:14,0
DA:15,0
DA:16,0
DA:17,0
DA:18,0
DA:21,0
DA:23,0
DA:24,0
DA:26,0
DA:28,0
DA:31,0
DA:32,0
DA:34,0
DA:37,0
DA:38,0
DA:40,0
LF:18
LH:1
end_of_record
SF:lib/src/services/moderation_service.dart
DA:9,1
DA:11,0
DA:14,0
DA:15,0
DA:16,0
DA:18,0
DA:19,0
DA:20,0
DA:22,0
DA:25,0
DA:26,0
DA:28,0
LF:12
LH:1
end_of_record
SF:lib/src/services/notification_feed_service.dart
DA:19,1
DA:21,1
DA:25,3
DA:26,3
DA:27,1
DA:28,1
DA:29,1
DA:32,2
DA:34,0
DA:35,0
DA:37,0
DA:40,0
DA:41,0
DA:43,0
DA:50,0
DA:54,0
DA:55,0
DA:56,0
DA:57,0
DA:60,0
DA:62,0
DA:63,0
DA:65,0
DA:68,0
DA:69,0
DA:71,0
DA:78,1
DA:82,3
DA:83,3
DA:86,2
DA:88,0
DA:89,0
DA:91,0
DA:94,0
DA:95,0
DA:97,0
LF:36
LH:12
end_of_record
SF:lib/src/services/notification_service.dart
DA:13,0
DA:15,0
DA:19,0
DA:20,0
DA:21,0
DA:22,0
DA:24,0
DA:25,0
DA:26,0
DA:27,0
DA:28,0
DA:32,0
DA:33,0
DA:34,0
DA:35,0
DA:37,0
DA:40,0
DA:41,0
DA:43,0
LF:19
LH:0
end_of_record
SF:lib/src/services/post_service.dart
DA:32,1
DA:36,1
DA:39,2
DA:40,3
DA:41,3
DA:42,1
DA:43,1
DA:44,1
DA:45,3
DA:49,4
DA:51,2
DA:53,0
DA:54,0
DA:56,0
DA:59,0
DA:60,0
DA:62,0
DA:69,1
DA:72,3
DA:73,5
DA:74,1
DA:75,1
DA:76,1
DA:78,1
DA:79,1
DA:80,3
DA:84,4
DA:86,2
DA:88,0
DA:89,0
DA:91,0
DA:94,0
DA:95,0
DA:97,0
DA:104,1
DA:108,3
DA:109,5
DA:110,1
DA:111,1
DA:112,1
DA:113,3
DA:117,4
DA:119,2
DA:121,0
DA:122,0
DA:124,0
DA:127,0
DA:128,0
DA:130,0
DA:137,1
DA:141,3
DA:142,5
DA:143,1
DA:144,1
DA:145,3
DA:149,4
DA:150,1
DA:151,1
DA:152,2
DA:153,1
DA:154,1
DA:155,1
DA:158,2
DA:159,3
DA:161,0
DA:162,0
DA:164,0
DA:167,0
DA:168,0
DA:170,0
DA:177,1
DA:181,3
DA:182,5
DA:183,1
DA:184,1
DA:185,1
DA:187,1
DA:188,1
DA:189,3
DA:193,4
DA:195,2
DA:197,0
DA:198,0
DA:200,0
DA:203,0
DA:204,0
DA:206,0
DA:213,1
DA:216,3
DA:217,5
DA:218,1
DA:219,1
DA:220,3
DA:225,0
DA:227,1
DA:228,3
DA:230,0
DA:233,3
DA:234,3
DA:236,1
DA:243,1
DA:247,3
DA:248,5
DA:249,1
DA:250,1
DA:251,3
DA:256,2
DA:258,0
DA:259,0
DA:261,0
DA:264,0
DA:265,0
DA:267,0
DA:274,1
DA:278,3
DA:279,5
DA:280,1
DA:281,1
DA:282,3
DA:285,1
DA:288,2
DA:290,0
DA:291,0
DA:293,0
DA:296,0
DA:297,0
DA:299,0
DA:306,0
DA:310,0
DA:311,0
DA:312,0
DA:313,0
DA:314,0
DA:317,0
DA:320,0
DA:322,0
DA:323,0
DA:325,0
DA:328,0
DA:329,0
DA:331,0
LF:141
LH:83
end_of_record
SF:lib/src/services/widgets_service.dart
DA:13,1
DA:17,0
DA:20,0
DA:21,0
DA:22,0
DA:23,0
DA:24,0
DA:25,0
DA:30,0
DA:32,0
DA:33,0
DA:35,0
DA:38,0
DA:39,0
DA:41,0
LF:15
LH:1
end_of_record
SF:lib/src/endpoints.dart
DA:7,1
DA:8,1
DA:13,1
DA:15,1
DA:16,1
DA:18,3
DA:19,0
DA:20,0
DA:21,1
DA:22,2
DA:23,3
DA:25,0
DA:27,3
DA:28,3
DA:29,0
DA:30,0
DA:32,3
DA:34,0
DA:36,0
DA:37,0
DA:38,0
DA:40,0
DA:42,3
DA:44,0
DA:46,0
DA:48,0
DA:50,1
DA:51,2
DA:53,0
DA:54,0
DA:56,0
DA:57,0
DA:60,1
DA:61,2
DA:64,1
DA:65,2
DA:68,1
DA:69,2
DA:72,1
DA:73,2
DA:76,1
DA:77,3
DA:80,1
DA:81,2
DA:84,1
DA:85,2
DA:88,1
DA:90,2
LF:48
LH:31
end_of_record
SF:lib/src/environment/env.g.dart
DA:58,0
DA:59,0
DA:60,0
DA:61,0
DA:161,0
DA:162,0
DA:163,0
DA:164,0
DA:217,0
DA:218,0
DA:219,0
DA:220,0
DA:320,0
DA:321,0
DA:322,0
DA:323,0
LF:16
LH:0
end_of_record
SF:lib/src/environment/env.dart
DA:14,0
DA:16,0
DA:30,0
DA:32,0
LF:4
LH:0
end_of_record
SF:lib/src/methods/access.dart
DA:11,1
DA:13,0
DA:14,0
DA:17,1
DA:18,2
DA:21,1
DA:22,2
LF:7
LH:5
end_of_record
SF:lib/src/models/access/edit_profile_request.dart
DA:9,1
DA:16,2
DA:17,1
DA:18,1
DA:19,1
DA:21,1
DA:31,1
DA:32,1
DA:35,1
DA:36,1
DA:39,1
DA:40,1
DA:43,0
DA:45,0
DA:48,1
DA:49,1
DA:50,1
DA:51,1
DA:52,1
DA:53,1
LF:20
LH:18
end_of_record
SF:lib/src/models/access/edit_profile_response.dart
DA:5,1
DA:7,1
DA:8,1
DA:9,2
DA:17,1
DA:19,1
DA:20,1
DA:21,2
LF:8
LH:8
end_of_record
SF:lib/src/models/access/get_profile_request.dart
DA:4,1
DA:6,2
DA:7,1
DA:14,1
DA:15,1
DA:18,1
DA:19,1
DA:20,1
LF:8
LH:8
end_of_record
SF:lib/src/models/access/get_profile_response.dart
DA:11,1
DA:20,1
DA:21,1
DA:22,1
DA:23,1
DA:24,3
DA:25,1
DA:26,3
DA:27,1
DA:28,0
DA:29,0
DA:42,1
DA:51,1
DA:52,1
DA:53,1
DA:54,1
DA:55,2
DA:56,2
DA:57,3
DA:59,2
DA:60,0
DA:61,0
DA:63,2
DA:64,1
DA:65,3
LF:25
LH:21
end_of_record
SF:lib/src/models/auth/member_state_response_model.dart
DA:16,0
DA:26,0
DA:27,0
DA:28,0
DA:29,0
DA:30,0
DA:31,0
DA:32,0
DA:33,0
DA:34,0
DA:38,0
DA:39,0
DA:40,0
DA:41,0
DA:42,0
DA:43,0
DA:44,0
DA:45,0
DA:46,0
DA:50,0
DA:51,0
DA:52,0
DA:53,0
DA:54,0
DA:55,0
DA:56,0
DA:57,0
DA:58,0
DA:60,0
DA:61,0
DA:62,0
DA:63,0
DA:65,0
DA:84,0
DA:94,0
DA:95,0
DA:97,0
LF:37
LH:0
end_of_record
SF:lib/src/models/auth/member_state_response_model.g.dart
DA:9,0
DA:11,0
DA:12,0
DA:13,0
DA:14,0
DA:15,0
DA:17,0
DA:18,0
DA:19,0
DA:20,0
DA:21,0
DA:22,0
DA:25,0
DA:27,0
DA:28,0
DA:29,0
DA:30,0
DA:31,0
DA:32,0
DA:33,0
DA:34,0
LF:21
LH:0
end_of_record
SF:lib/src/methods/auth.dart
DA:10,1
DA:18,1
DA:20,2
DA:27,0
DA:28,0
DA:35,0
DA:36,0
LF:7
LH:3
end_of_record
SF:lib/src/methods/comment.dart
DA:5,1
DA:9,1
DA:12,2
DA:16,1
DA:19,2
DA:23,1
DA:26,2
DA:30,1
DA:33,2
DA:37,1
DA:39,2
DA:43,1
DA:46,2
DA:50,1
DA:53,2
DA:57,1
DA:60,2
LF:17
LH:17
end_of_record
SF:lib/src/methods/community.dart
DA:7,1
DA:9,1
DA:11,2
LF:3
LH:3
end_of_record
SF:lib/src/methods/feed.dart
DA:5,1
DA:9,1
DA:12,2
DA:16,0
DA:19,0
DA:23,0
DA:26,0
DA:30,0
DA:33,0
DA:37,0
DA:38,0
DA:42,1
DA:44,2
LF:13
LH:5
end_of_record
SF:lib/src/methods/helper.dart
DA:7,0
DA:9,0
DA:12,0
DA:15,0
DA:18,0
DA:21,0
DA:22,0
DA:25,0
DA:26,0
LF:9
LH:0
end_of_record
SF:lib/src/methods/logger.dart
DA:7,0
DA:9,0
DA:12,0
LF:3
LH:0
end_of_record
SF:lib/src/methods/post.dart
DA:7,1
DA:9,1
DA:10,2
DA:13,1
DA:14,2
DA:17,1
DA:19,2
DA:22,1
DA:23,2
DA:26,1
DA:28,2
DA:31,1
DA:32,2
DA:35,1
DA:36,2
DA:39,1
DA:40,2
DA:43,0
DA:45,0
LF:19
LH:17
end_of_record
SF:lib/src/methods/notification.dart
DA:7,0
DA:10,0
DA:12,0
DA:13,0
DA:15,0
DA:17,0
LF:6
LH:0
end_of_record
SF:lib/src/methods/moderation.dart
DA:7,0
DA:9,0
DA:11,0
LF:3
LH:0
end_of_record
SF:lib/src/models/notifications/register_device_request_model.dart
DA:6,0
DA:12,0
DA:13,0
DA:14,0
DA:15,0
DA:24,0
DA:26,0
DA:27,0
DA:30,0
DA:31,0
DA:34,0
DA:35,0
DA:38,0
DA:39,0
DA:40,0
DA:41,0
DA:42,0
LF:17
LH:0
end_of_record
SF:lib/src/models/notifications/register_device_response_model.dart
DA:9,0
DA:14,0
DA:16,0
DA:17,0
DA:18,0
DA:22,0
DA:23,0
DA:24,0
DA:25,0
DA:29,0
DA:30,0
DA:39,0
DA:44,0
DA:45,0
DA:47,0
LF:15
LH:0
end_of_record
SF:lib/src/models/notifications/register_device_response_model.g.dart
DA:9,0
DA:11,0
DA:12,0
DA:13,0
DA:16,0
DA:18,0
DA:19,0
DA:20,0
LF:8
LH:0
end_of_record
SF:lib/src/methods/notification_feed.dart
DA:7,1
DA:9,1
DA:11,2
DA:14,0
DA:16,0
DA:19,1
DA:21,2
LF:7
LH:5
end_of_record
SF:lib/src/methods/widgets.dart
DA:8,0
DA:10,0
DA:12,0
LF:3
LH:0
end_of_record
SF:lib/src/models/access/answer.dart
DA:8,0
DA:16,0
DA:17,0
DA:18,0
DA:19,0
DA:20,0
DA:21,0
DA:22,0
DA:26,0
DA:27,0
DA:28,0
DA:29,0
DA:30,0
DA:31,0
DA:32,0
DA:44,0
DA:52,0
DA:53,0
DA:54,0
DA:55,0
DA:56,0
DA:57,0
DA:58,0
LF:23
LH:0
end_of_record
SF:lib/src/models/access/question_community_join.dart
DA:5,0
DA:10,0
DA:11,0
DA:12,0
DA:13,0
DA:22,0
DA:23,0
DA:26,0
DA:27,0
DA:30,0
DA:31,0
DA:32,0
DA:33,0
LF:13
LH:0
end_of_record
SF:lib/src/models/access/member_action.dart
DA:5,0
DA:10,0
DA:11,0
DA:12,0
DA:13,0
DA:22,0
DA:27,0
DA:28,0
DA:29,0
DA:30,0
LF:10
LH:0
end_of_record
SF:lib/src/models/access/question.dart
DA:22,0
DA:44,0
DA:45,0
DA:46,0
DA:47,0
DA:48,0
DA:49,0
DA:50,0
DA:51,0
DA:52,0
DA:53,0
DA:54,0
DA:55,0
DA:56,0
DA:57,0
DA:58,0
DA:59,0
DA:60,0
DA:61,0
DA:62,0
DA:63,0
DA:66,0
DA:67,0
DA:68,0
DA:69,0
DA:70,0
DA:71,0
DA:72,0
DA:73,0
DA:74,0
DA:75,0
DA:76,0
DA:77,0
DA:78,0
DA:79,0
DA:80,0
DA:81,0
DA:82,0
DA:83,0
DA:84,0
DA:85,0
DA:86,0
DA:112,0
DA:134,0
DA:135,0
DA:136,0
DA:137,0
DA:138,0
DA:139,0
DA:140,0
DA:141,0
DA:142,0
DA:143,0
DA:144,0
DA:145,0
DA:146,0
DA:147,0
DA:148,0
DA:149,0
DA:150,0
DA:151,0
DA:152,0
DA:153,0
DA:154,0
LF:64
LH:0
end_of_record
SF:lib/src/models/access/question_answer.dart
DA:8,0
DA:13,0
DA:14,0
DA:15,0
DA:16,0
DA:20,0
DA:21,0
DA:22,0
DA:23,0
DA:32,0
DA:37,0
DA:38,0
DA:39,0
DA:40,0
LF:14
LH:0
end_of_record
SF:lib/src/models/auth/initiate_user_model.dart
DA:10,1
DA:15,1
DA:16,1
DA:17,2
DA:18,2
DA:22,0
DA:23,0
DA:24,0
DA:25,0
DA:35,1
DA:40,1
DA:41,1
DA:43,0
LF:13
LH:8
end_of_record
SF:lib/src/models/auth/initiate_user_model.g.dart
DA:9,1
DA:10,1
DA:11,2
DA:13,2
DA:16,0
DA:17,0
DA:18,0
DA:19,0
LF:8
LH:4
end_of_record
SF:lib/src/models/auth/initiate_user_request_model.dart
DA:8,1
DA:16,2
DA:17,1
DA:18,1
DA:19,1
DA:20,1
DA:21,1
DA:32,1
DA:34,0
DA:35,0
DA:38,1
DA:39,1
DA:42,0
DA:43,0
DA:46,0
DA:47,0
DA:50,0
DA:51,0
DA:54,1
DA:55,1
DA:56,1
DA:57,1
DA:58,1
DA:59,1
DA:60,1
LF:25
LH:17
end_of_record
SF:lib/src/models/auth/initiate_user_response_model.dart
DA:15,1
DA:25,1
DA:26,1
DA:27,1
DA:28,1
DA:29,1
DA:30,2
DA:32,1
DA:33,0
DA:35,1
DA:36,1
DA:37,1
DA:41,0
DA:42,0
DA:43,0
DA:44,0
DA:45,0
DA:46,0
DA:47,0
DA:48,0
DA:49,0
DA:76,1
DA:86,1
DA:87,1
DA:89,0
DA:91,0
DA:93,0
LF:27
LH:14
end_of_record
SF:lib/src/models/auth/initiate_user_response_model.g.dart
DA:9,1
DA:11,1
DA:12,1
DA:13,2
DA:14,2
DA:16,2
DA:17,2
DA:19,0
DA:20,0
DA:21,2
DA:22,2
DA:23,1
DA:26,0
DA:28,0
DA:29,0
DA:30,0
DA:31,0
DA:32,0
DA:33,0
DA:34,0
DA:35,0
LF:21
LH:10
end_of_record
SF:lib/src/models/auth/logout_request_model.dart
DA:14,1
DA:24,1
DA:26,1
DA:27,1
DA:30,1
DA:31,1
DA:34,1
DA:35,1
DA:36,1
DA:37,1
LF:10
LH:10
end_of_record
SF:lib/src/models/auth/logout_response_model.dart
DA:9,0
DA:14,0
DA:15,0
DA:16,0
DA:17,0
DA:21,0
DA:22,0
DA:23,0
DA:24,0
DA:35,0
DA:40,0
DA:41,0
DA:43,0
LF:13
LH:0
end_of_record
SF:lib/src/models/auth/logout_response_model.g.dart
DA:9,0
DA:11,0
DA:12,0
DA:13,0
DA:16,0
DA:18,0
DA:19,0
DA:20,0
LF:8
LH:0
end_of_record
SF:lib/src/models/auth/member_right_model.dart
DA:7,0
DA:14,0
DA:15,0
DA:16,0
DA:17,0
DA:18,0
DA:19,0
DA:23,0
DA:24,0
DA:25,0
DA:26,0
DA:27,0
DA:28,0
LF:13
LH:0
end_of_record
SF:lib/src/models/auth/user_model.dart
DA:24,1
DA:43,1
DA:44,1
DA:45,1
DA:46,1
DA:47,1
DA:48,1
DA:49,1
DA:50,1
DA:51,1
DA:52,1
DA:53,1
DA:54,1
DA:55,1
DA:56,1
DA:57,1
DA:58,1
DA:59,1
DA:60,1
DA:64,0
DA:65,0
DA:66,0
DA:67,0
DA:68,0
DA:69,0
DA:70,0
DA:71,0
DA:72,0
DA:73,0
DA:74,0
DA:75,0
DA:76,0
DA:77,0
DA:78,0
DA:79,0
DA:80,0
DA:81,0
DA:133,1
DA:152,1
DA:153,1
DA:155,0
LF:41
LH:22
end_of_record
SF:lib/src/models/auth/user_model.g.dart
DA:9,2
DA:10,1
DA:11,1
DA:12,1
DA:13,1
DA:14,1
DA:15,1
DA:16,1
DA:18,1
DA:19,1
DA:20,1
DA:21,1
DA:22,1
DA:23,1
DA:24,1
DA:25,1
DA:26,1
DA:27,1
DA:28,1
DA:31,0
DA:32,0
DA:33,0
DA:34,0
DA:35,0
DA:36,0
DA:37,0
DA:38,0
DA:39,0
DA:40,0
DA:41,0
DA:42,0
DA:43,0
DA:44,0
DA:45,0
DA:46,0
DA:47,0
DA:48,0
LF:37
LH:19
end_of_record
SF:lib/src/models/auth/refresh_request_model.dart
DA:4,0
DA:8,0
DA:9,0
DA:16,0
DA:18,0
DA:19,0
DA:22,0
DA:23,0
DA:24,0
LF:9
LH:0
end_of_record
SF:lib/src/models/auth/refresh_response_model.dart
DA:11,0
DA:18,0
DA:19,0
DA:20,0
DA:21,0
DA:22,0
DA:23,0
DA:26,0
DA:27,0
DA:28,0
DA:29,0
DA:30,0
DA:44,0
DA:51,0
DA:52,0
DA:54,0
LF:16
LH:0
end_of_record
SF:lib/src/models/auth/refresh_response_model.g.dart
DA:9,0
DA:11,0
DA:12,0
DA:13,0
DA:14,0
DA:15,0
DA:18,0
DA:20,0
DA:21,0
DA:22,0
DA:23,0
DA:24,0
LF:12
LH:0
end_of_record
SF:lib/src/models/sdk/sdk_client_info_model.dart
DA:13,1
DA:19,1
DA:20,1
DA:22,0
LF:4
LH:3
end_of_record
SF:lib/src/models/sdk/sdk_client_info_model.g.dart
DA:9,1
DA:10,1
DA:11,1
DA:12,1
DA:13,1
DA:16,0
DA:17,0
DA:18,0
DA:19,0
DA:20,0
LF:10
LH:5
end_of_record
SF:lib/src/models/comment/add_comment_reply_request.dart
DA:6,1
DA:12,2
DA:13,1
DA:22,1
DA:24,1
DA:25,1
DA:28,1
DA:29,1
DA:32,1
DA:33,1
DA:36,1
DA:37,1
DA:38,1
DA:39,1
DA:40,1
LF:15
LH:15
end_of_record
SF:lib/src/models/comment/add_comment_reply_response.dart
DA:11,1
DA:17,1
DA:19,1
DA:20,1
DA:21,1
DA:22,1
DA:34,1
DA:40,1
DA:41,1
DA:43,0
LF:10
LH:9
end_of_record
SF:lib/src/models/comment/add_comment_reply_response.g.dart
DA:9,1
DA:11,1
DA:12,1
DA:13,1
DA:14,1
DA:15,1
DA:16,2
DA:21,0
DA:23,0
DA:24,0
DA:25,0
DA:26,0
LF:12
LH:7
end_of_record
SF:lib/src/models/comment/comment_like_model.dart
DA:11,1
DA:18,1
DA:19,1
DA:20,1
DA:21,1
DA:22,1
DA:23,1
DA:27,0
DA:28,0
DA:29,0
DA:30,0
DA:31,0
DA:32,0
DA:48,1
DA:55,1
DA:56,1
DA:58,0
LF:17
LH:10
end_of_record
SF:lib/src/models/comment/comment_like_model.g.dart
DA:9,1
DA:10,1
DA:11,1
DA:12,1
DA:13,1
DA:14,1
DA:17,0
DA:18,0
DA:19,0
DA:20,0
DA:21,0
DA:22,0
LF:12
LH:6
end_of_record
SF:lib/src/models/comment/comment_model.dart
DA:14,0
DA:23,0
DA:24,0
DA:25,0
DA:26,0
DA:27,0
DA:28,0
DA:29,0
DA:30,0
DA:31,0
DA:32,0
DA:36,0
DA:37,0
DA:38,0
DA:39,0
DA:40,0
DA:41,0
DA:42,0
DA:43,0
DA:61,0
DA:70,0
DA:71,0
DA:73,0
LF:23
LH:0
end_of_record
SF:lib/src/models/comment/comment_model.g.dart
DA:9,0
DA:10,0
DA:11,0
DA:12,0
DA:13,0
DA:14,0
DA:15,0
DA:16,0
DA:17,0
DA:18,0
DA:19,0
DA:22,0
DA:23,0
DA:24,0
DA:25,0
DA:26,0
DA:27,0
DA:28,0
DA:29,0
LF:19
LH:0
end_of_record
SF:lib/src/models/post/popup_menu_item_model.dart
DA:9,1
DA:14,1
DA:17,1
DA:18,1
DA:19,1
DA:23,0
DA:24,0
DA:25,0
DA:26,0
DA:36,1
DA:41,1
DA:42,1
DA:44,0
LF:13
LH:8
end_of_record
SF:lib/src/models/post/popup_menu_item_model.g.dart
DA:9,1
DA:11,1
DA:12,1
DA:13,1
DA:16,0
DA:18,0
DA:19,0
DA:20,0
LF:8
LH:4
end_of_record
SF:lib/src/models/comment/delete_comment_request.dart
DA:6,1
DA:12,0
DA:13,0
DA:22,1
DA:24,1
DA:25,1
DA:28,1
DA:29,1
DA:32,1
DA:33,1
DA:36,1
DA:37,1
DA:38,1
DA:39,1
DA:40,1
LF:15
LH:13
end_of_record
SF:lib/src/models/comment/delete_comment_response.dart
DA:9,1
DA:14,1
DA:15,1
DA:16,1
DA:17,1
DA:21,0
DA:22,0
DA:23,0
DA:24,0
DA:35,1
DA:40,1
DA:41,1
DA:43,0
LF:13
LH:8
end_of_record
SF:lib/src/models/comment/delete_comment_response.g.dart
DA:9,1
DA:11,1
DA:12,1
DA:13,1
DA:16,0
DA:18,0
DA:19,0
DA:20,0
LF:8
LH:4
end_of_record
SF:lib/src/models/comment/edit_comment_reply_request.dart
DA:7,1
DA:14,2
DA:15,1
DA:25,1
DA:27,1
DA:28,1
DA:31,1
DA:32,1
DA:35,1
DA:36,1
DA:39,1
DA:40,1
DA:43,1
DA:44,1
DA:45,1
DA:46,1
DA:47,1
DA:48,1
LF:18
LH:18
end_of_record
SF:lib/src/models/comment/edit_comment_reply_response.dart
DA:11,1
DA:17,1
DA:19,1
DA:20,1
DA:21,1
DA:22,1
DA:34,1
DA:40,1
DA:41,1
DA:43,0
LF:10
LH:9
end_of_record
SF:lib/src/models/comment/edit_comment_reply_response.g.dart
DA:9,1
DA:11,1
DA:12,1
DA:13,1
DA:14,1
DA:15,1
DA:16,2
DA:21,0
DA:23,0
DA:24,0
DA:25,0
DA:26,0
LF:12
LH:7
end_of_record
SF:lib/src/models/comment/get_comment_likes_request_model.dart
DA:7,1
DA:14,0
DA:15,0
DA:16,0
DA:17,0
DA:18,0
DA:19,0
DA:30,1
DA:32,1
DA:33,1
DA:36,1
DA:37,1
DA:40,1
DA:41,1
DA:44,1
DA:45,1
DA:48,1
DA:49,1
DA:50,1
DA:51,1
DA:52,1
DA:53,1
LF:22
LH:16
end_of_record
SF:lib/src/models/comment/get_comment_likes_response_model.dart
DA:13,1
DA:21,1
DA:23,1
DA:24,1
DA:25,1
DA:27,5
DA:28,1
DA:29,4
DA:30,1
DA:34,0
DA:35,0
DA:36,0
DA:37,0
DA:38,0
DA:39,0
DA:40,0
DA:57,1
DA:65,1
DA:66,1
DA:68,0
LF:20
LH:12
end_of_record
SF:lib/src/models/comment/get_comment_likes_response_model.g.dart
DA:9,1
DA:11,1
DA:12,1
DA:13,1
DA:14,2
DA:15,3
DA:16,1
DA:17,3
DA:18,3
DA:20,2
DA:23,0
DA:25,0
DA:26,0
DA:27,0
DA:28,0
DA:29,0
DA:30,0
LF:17
LH:10
end_of_record
SF:lib/src/models/community/community_configurations_model.dart
DA:10,1
DA:16,1
DA:18,1
DA:19,1
DA:20,1
DA:21,1
DA:25,0
DA:26,0
DA:27,0
DA:28,0
DA:29,0
DA:40,1
DA:46,1
DA:47,1
DA:49,0
LF:15
LH:9
end_of_record
SF:lib/src/models/community/community_configurations_model.g.dart
DA:9,1
DA:11,1
DA:12,1
DA:13,1
DA:14,2
DA:15,2
DA:19,0
DA:21,0
DA:22,0
DA:23,0
DA:24,0
LF:11
LH:6
end_of_record
SF:lib/src/models/community/community_model.dart
DA:46,1
DA:87,1
DA:88,1
DA:89,1
DA:90,1
DA:91,1
DA:92,1
DA:93,1
DA:94,1
DA:95,1
DA:96,1
DA:97,1
DA:98,1
DA:99,1
DA:100,1
DA:101,1
DA:102,1
DA:103,1
DA:104,1
DA:105,1
DA:106,1
DA:107,1
DA:108,1
DA:109,1
DA:110,1
DA:111,1
DA:113,1
DA:115,1
DA:116,1
DA:117,1
DA:118,1
DA:119,1
DA:120,1
DA:121,1
DA:122,1
DA:123,1
DA:124,1
DA:125,1
DA:126,1
DA:127,3
DA:128,1
DA:129,1
DA:130,1
DA:134,0
DA:135,0
DA:136,0
DA:137,0
DA:138,0
DA:139,0
DA:140,0
DA:141,0
DA:142,0
DA:143,0
DA:144,0
DA:145,0
DA:146,0
DA:147,0
DA:148,0
DA:149,0
DA:150,0
DA:151,0
DA:152,0
DA:153,0
DA:154,0
DA:155,0
DA:156,0
DA:157,0
DA:158,0
DA:159,0
DA:160,0
DA:161,0
DA:162,0
DA:163,0
DA:164,0
DA:165,0
DA:166,0
DA:167,0
DA:168,0
DA:169,0
DA:170,0
DA:171,0
DA:172,0
DA:173,0
DA:174,0
DA:175,0
DA:176,0
DA:177,0
DA:178,0
DA:179,0
DA:180,0
DA:181,0
DA:182,0
DA:286,1
DA:327,1
DA:328,1
DA:330,0
LF:96
LH:46
end_of_record
SF:lib/src/models/community/community_model.g.dart
DA:9,1
DA:10,1
DA:11,1
DA:12,1
DA:13,1
DA:14,1
DA:15,1
DA:16,1
DA:17,1
DA:18,1
DA:19,1
DA:20,1
DA:21,1
DA:22,1
DA:23,1
DA:24,1
DA:25,1
DA:26,1
DA:27,1
DA:28,1
DA:29,1
DA:30,1
DA:31,1
DA:32,1
DA:33,1
DA:34,1
DA:35,0
DA:36,0
DA:37,1
DA:38,0
DA:39,0
DA:40,1
DA:41,0
DA:42,0
DA:43,1
DA:44,1
DA:45,1
DA:46,1
DA:47,1
DA:48,1
DA:49,1
DA:50,1
DA:51,1
DA:52,1
DA:54,2
DA:55,1
DA:56,1
DA:57,1
DA:58,1
DA:61,0
DA:62,0
DA:63,0
DA:64,0
DA:65,0
DA:66,0
DA:67,0
DA:68,0
DA:69,0
DA:70,0
DA:71,0
DA:72,0
DA:73,0
DA:74,0
DA:75,0
DA:76,0
DA:77,0
DA:78,0
DA:79,0
DA:80,0
DA:81,0
DA:82,0
DA:83,0
DA:84,0
DA:85,0
DA:86,0
DA:87,0
DA:88,0
DA:89,0
DA:90,0
DA:91,0
DA:92,0
DA:93,0
DA:94,0
DA:95,0
DA:96,0
DA:97,0
DA:98,0
DA:99,0
DA:100,0
LF:89
LH:43
end_of_record
SF:lib/src/models/community/community_settings_rights_model.dart
DA:13,1
DA:22,1
DA:24,1
DA:25,1
DA:26,1
DA:27,1
DA:28,1
DA:29,1
DA:30,1
DA:34,0
DA:35,0
DA:36,0
DA:37,0
DA:38,0
DA:39,0
DA:40,0
DA:41,0
DA:61,1
DA:70,1
DA:71,1
DA:73,0
LF:21
LH:12
end_of_record
SF:lib/src/models/community/community_settings_rights_model.g.dart
DA:9,1
DA:11,1
DA:12,1
DA:13,1
DA:14,1
DA:15,1
DA:16,1
DA:17,1
DA:20,0
DA:22,0
DA:23,0
DA:24,0
DA:25,0
DA:26,0
DA:27,0
DA:28,0
LF:16
LH:8
end_of_record
SF:lib/src/models/community/get_community_configurations_response_model.dart
DA:11,1
DA:17,1
DA:19,1
DA:20,1
DA:21,1
DA:22,1
DA:23,3
DA:24,1
DA:28,0
DA:29,0
DA:31,0
DA:32,0
DA:33,0
DA:47,1
DA:53,1
DA:55,1
DA:57,0
DA:58,0
LF:18
LH:11
end_of_record
SF:lib/src/models/community/get_community_configurations_response_model.g.dart
DA:9,1
DA:12,1
DA:13,1
DA:14,1
DA:16,2
DA:17,3
DA:19,1
DA:22,0
DA:24,0
DA:25,0
DA:26,0
DA:27,0
LF:12
LH:7
end_of_record
SF:lib/src/models/feed/add_comment_request.dart
DA:5,1
DA:10,2
DA:11,1
DA:12,1
DA:20,1
DA:22,1
DA:23,1
DA:26,1
DA:27,1
DA:30,1
DA:31,1
DA:32,1
DA:33,1
LF:13
LH:13
end_of_record
SF:lib/src/models/feed/add_comment_response.dart
DA:11,1
DA:13,1
DA:14,1
DA:15,1
DA:16,1
DA:17,1
DA:29,1
DA:35,1
DA:36,1
DA:38,0
LF:10
LH:9
end_of_record
SF:lib/src/models/feed/add_comment_response.g.dart
DA:9,1
DA:11,1
DA:12,1
DA:13,1
DA:14,1
DA:15,1
DA:16,2
DA:21,0
DA:23,0
DA:24,0
DA:25,0
LF:11
LH:7
end_of_record
SF:lib/src/models/feed/comment_detail_request.dart
DA:7,1
DA:13,0
DA:14,0
DA:15,0
DA:16,0
DA:25,1
DA:27,1
DA:28,1
DA:31,1
DA:32,1
DA:35,1
DA:36,1
DA:39,1
DA:40,1
DA:41,1
DA:42,1
DA:43,1
LF:17
LH:13
end_of_record
SF:lib/src/models/feed/comment_detail_response.dart
DA:11,1
DA:17,1
DA:18,1
DA:19,1
DA:20,1
DA:21,1
DA:22,2
DA:24,1
DA:25,1
DA:26,4
DA:38,1
DA:44,1
DA:45,1
DA:47,0
LF:14
LH:13
end_of_record
SF:lib/src/models/feed/comment_detail_response.g.dart
DA:9,1
DA:11,1
DA:12,1
DA:13,1
DA:14,1
DA:15,2
DA:16,3
DA:17,3
DA:21,0
DA:23,0
DA:24,0
DA:25,0
DA:26,0
DA:27,0
LF:14
LH:8
end_of_record
SF:lib/src/models/feed/comment_replies.dart
DA:24,1
DA:40,1
DA:41,1
DA:42,1
DA:43,1
DA:44,1
DA:45,1
DA:46,1
DA:47,3
DA:48,1
DA:49,2
DA:50,2
DA:51,3
DA:52,1
DA:53,1
DA:54,1
DA:55,1
DA:56,1
DA:89,1
DA:103,1
DA:104,1
DA:106,0
DA:123,1
DA:138,1
DA:139,1
DA:140,1
DA:141,1
DA:142,1
DA:143,1
DA:144,1
DA:145,1
DA:146,3
DA:147,1
DA:148,2
DA:149,2
DA:150,1
DA:151,1
DA:152,1
DA:153,1
DA:183,1
DA:197,1
DA:198,1
DA:200,0
LF:43
LH:41
end_of_record
SF:lib/src/models/feed/comment_replies.g.dart
DA:9,1
DA:11,1
DA:12,1
DA:13,1
DA:14,1
DA:15,1
DA:16,1
DA:17,2
DA:18,1
DA:19,1
DA:20,1
DA:21,1
DA:22,1
DA:23,1
DA:24,1
DA:25,1
DA:26,1
DA:27,1
DA:28,1
DA:29,1
DA:32,0
DA:34,0
DA:35,0
DA:36,0
DA:37,0
DA:38,0
DA:39,0
DA:40,0
DA:41,0
DA:42,0
DA:43,0
DA:44,0
DA:45,0
DA:46,0
DA:47,0
DA:50,1
DA:51,1
DA:52,1
DA:53,1
DA:54,1
DA:55,1
DA:56,1
DA:57,1
DA:58,1
DA:59,2
DA:60,1
DA:61,1
DA:62,1
DA:63,1
DA:64,1
DA:65,1
DA:66,1
DA:67,1
DA:68,1
DA:69,1
DA:75,0
DA:76,0
DA:77,0
DA:78,0
DA:79,0
DA:80,0
DA:81,0
DA:82,0
DA:83,0
DA:84,0
DA:85,0
DA:86,0
DA:87,0
LF:68
LH:40
end_of_record
SF:lib/src/models/feed/edit_comment_request.dart
DA:6,1
DA:12,2
DA:13,1
DA:14,1
DA:15,1
DA:24,1
DA:26,1
DA:27,1
DA:30,1
DA:31,1
DA:34,1
DA:35,1
DA:38,1
DA:39,1
DA:40,1
DA:41,1
DA:42,1
LF:17
LH:17
end_of_record
SF:lib/src/models/feed/edit_comment_response.dart
DA:11,1
DA:13,1
DA:14,1
DA:15,1
DA:16,1
DA:17,1
DA:29,1
DA:35,1
DA:36,1
DA:38,0
LF:10
LH:9
end_of_record
SF:lib/src/models/feed/edit_comment_response.g.dart
DA:9,1
DA:11,1
DA:12,1
DA:13,1
DA:14,1
DA:15,1
DA:16,2
DA:21,0
DA:23,0
DA:24,0
DA:25,0
LF:11
LH:7
end_of_record
SF:lib/src/models/feed/get_topics_request.dart
DA:9,0
DA:16,0
DA:17,0
DA:18,0
DA:19,0
DA:20,0
DA:21,0
DA:32,0
DA:34,0
DA:35,0
DA:38,0
DA:39,0
DA:42,0
DA:43,0
DA:46,0
DA:47,0
DA:50,0
DA:51,0
DA:54,0
DA:55,0
DA:56,0
DA:57,0
DA:58,0
DA:59,0
DA:60,0
LF:25
LH:0
end_of_record
SF:lib/src/models/feed/get_topics_response.dart
DA:8,0
DA:14,0
DA:15,0
DA:16,0
DA:17,0
DA:18,0
DA:22,0
DA:23,0
DA:24,0
DA:25,0
DA:26,0
DA:36,0
DA:42,0
DA:43,0
DA:44,0
DA:45,0
DA:46,0
DA:47,0
DA:48,0
DA:49,0
DA:54,0
DA:55,0
DA:56,0
DA:57,0
DA:58,0
LF:25
LH:0
end_of_record
SF:lib/src/models/feed/post_detail_request.dart
DA:6,0
DA:11,0
DA:12,0
DA:13,0
DA:21,0
DA:23,0
DA:24,0
DA:27,0
DA:28,0
DA:31,0
DA:32,0
DA:33,0
DA:34,0
LF:13
LH:0
end_of_record
SF:lib/src/models/feed/post_detail_response.dart
DA:14,0
DA:22,0
DA:23,0
DA:24,0
DA:25,0
DA:26,0
DA:28,0
DA:29,0
DA:30,0
DA:31,0
DA:32,0
DA:33,0
DA:47,0
DA:55,0
DA:56,0
DA:58,0
LF:16
LH:0
end_of_record
SF:lib/src/models/feed/post_detail_response.g.dart
DA:9,0
DA:11,0
DA:12,0
DA:13,0
DA:14,0
DA:15,0
DA:16,0
DA:17,0
DA:19,0
DA:20,0
DA:22,0
DA:23,0
DA:24,0
DA:25,0
DA:26,0
DA:31,0
DA:33,0
DA:34,0
DA:35,0
DA:36,0
LF:20
LH:0
end_of_record
SF:lib/src/models/feed/post_replies.dart
DA:25,0
DA:43,0
DA:44,0
DA:45,0
DA:46,0
DA:47,0
DA:48,0
DA:49,0
DA:50,0
DA:51,0
DA:52,0
DA:53,0
DA:54,0
DA:55,0
DA:56,0
DA:57,0
DA:58,0
DA:59,0
DA:60,0
DA:62,0
DA:97,0
DA:115,0
DA:116,0
DA:118,0
DA:135,1
DA:150,1
DA:151,1
DA:152,1
DA:153,1
DA:154,1
DA:155,1
DA:156,1
DA:157,1
DA:158,3
DA:159,1
DA:160,2
DA:161,2
DA:162,1
DA:163,1
DA:164,1
DA:165,1
DA:196,1
DA:211,1
DA:212,1
DA:214,0
LF:45
LH:20
end_of_record
SF:lib/src/models/feed/post_replies.g.dart
DA:9,0
DA:10,0
DA:11,0
DA:12,0
DA:13,0
DA:14,0
DA:15,0
DA:16,0
DA:17,0
DA:18,0
DA:19,0
DA:20,0
DA:21,0
DA:22,0
DA:23,0
DA:24,0
DA:25,0
DA:26,0
DA:27,0
DA:28,0
DA:29,0
DA:30,0
DA:31,0
DA:32,0
DA:35,0
DA:36,0
DA:37,0
DA:38,0
DA:39,0
DA:40,0
DA:41,0
DA:42,0
DA:43,0
DA:44,0
DA:45,0
DA:46,0
DA:47,0
DA:48,0
DA:49,0
DA:50,0
DA:51,0
DA:54,2
DA:55,1
DA:56,1
DA:57,1
DA:58,1
DA:59,1
DA:60,1
DA:61,1
DA:62,2
DA:63,1
DA:64,1
DA:65,1
DA:66,1
DA:67,1
DA:68,1
DA:69,1
DA:70,0
DA:71,0
DA:72,0
DA:78,0
DA:79,0
DA:80,0
DA:81,0
DA:82,0
DA:83,0
DA:84,0
DA:85,0
DA:86,0
DA:87,0
DA:88,0
DA:89,0
DA:90,0
DA:91,0
LF:74
LH:16
end_of_record
SF:lib/src/models/post/attachment_model.dart
DA:9,1
DA:14,1
DA:15,1
DA:16,1
DA:17,2
DA:21,0
DA:22,0
DA:23,0
DA:24,0
DA:36,1
DA:41,1
DA:42,1
DA:44,0
DA:59,1
DA:72,1
DA:73,1
DA:74,1
DA:75,1
DA:76,1
DA:77,1
DA:78,1
DA:79,1
DA:80,1
DA:81,1
DA:82,1
DA:83,1
DA:84,2
DA:89,0
DA:90,0
DA:91,0
DA:92,0
DA:93,0
DA:94,0
DA:95,0
DA:96,0
DA:97,0
DA:98,0
DA:99,0
DA:100,0
DA:121,1
DA:134,1
DA:136,1
DA:138,0
DA:147,1
DA:154,1
DA:155,1
DA:156,1
DA:157,1
DA:158,1
DA:159,1
DA:163,0
DA:164,0
DA:165,0
DA:166,0
DA:167,0
DA:168,0
DA:180,1
DA:187,1
DA:188,1
DA:190,0
LF:60
LH:35
end_of_record
SF:lib/src/models/post/attachment_model.g.dart
DA:9,1
DA:10,1
DA:11,1
DA:12,1
DA:13,1
DA:14,1
DA:17,0
DA:18,0
DA:19,0
DA:20,0
DA:23,1
DA:25,1
DA:26,1
DA:27,1
DA:28,1
DA:29,1
DA:30,1
DA:31,1
DA:32,1
DA:33,1
DA:34,1
DA:35,1
DA:37,1
DA:38,1
DA:41,0
DA:43,0
DA:44,0
DA:45,0
DA:46,0
DA:47,0
DA:48,0
DA:49,0
DA:50,0
DA:55,1
DA:57,1
DA:58,1
DA:59,1
DA:60,1
DA:61,1
DA:64,0
DA:66,0
DA:67,0
DA:68,0
DA:69,0
DA:70,0
LF:45
LH:26
end_of_record
SF:lib/src/models/feed/toggle_like_comment_request.dart
DA:6,1
DA:11,0
DA:12,0
DA:13,0
DA:21,1
DA:23,1
DA:24,1
DA:27,1
DA:28,1
DA:31,1
DA:32,1
DA:33,1
DA:34,1
LF:13
LH:10
end_of_record
SF:lib/src/models/feed/toggle_like_comment_response.dart
DA:9,1
DA:14,1
DA:16,1
DA:17,1
DA:18,1
DA:28,1
DA:33,1
DA:34,1
DA:36,0
DA:37,0
LF:10
LH:8
end_of_record
SF:lib/src/models/feed/toggle_like_comment_response.g.dart
DA:9,1
DA:11,1
DA:12,1
DA:13,1
DA:16,0
DA:18,0
DA:19,0
DA:20,0
LF:8
LH:4
end_of_record
SF:lib/src/models/feed/topic_model.dart
DA:6,0
DA:8,0
DA:9,0
DA:10,0
DA:11,0
DA:12,0
DA:16,0
DA:17,0
DA:18,0
DA:19,0
DA:20,0
DA:30,0
DA:32,0
DA:33,0
DA:34,0
DA:35,0
DA:36,0
DA:40,0
DA:41,0
DA:42,0
DA:43,0
DA:44,0
LF:22
LH:0
end_of_record
SF:lib/src/models/feed/universal_feed_request.dart
DA:9,1
DA:16,2
DA:17,1
DA:18,1
DA:19,1
DA:20,1
DA:30,1
DA:32,1
DA:33,1
DA:36,1
DA:37,1
DA:40,0
DA:41,0
DA:44,0
DA:45,0
DA:48,1
DA:49,1
DA:50,1
DA:51,1
DA:52,1
DA:53,1
LF:21
LH:17
end_of_record
SF:lib/src/models/feed/universal_feed_response.dart
DA:13,1
DA:20,1
DA:21,1
DA:22,5
DA:23,1
DA:24,4
DA:25,1
DA:26,1
DA:27,1
DA:28,1
DA:40,1
DA:47,1
DA:48,1
DA:50,0
LF:14
LH:13
end_of_record
SF:lib/src/models/feed/universal_feed_response.g.dart
DA:9,1
DA:11,1
DA:12,2
DA:13,3
DA:14,1
DA:15,3
DA:16,3
DA:18,3
DA:19,0
DA:21,3
DA:22,0
DA:23,0
DA:27,0
DA:29,0
DA:30,0
DA:31,0
DA:32,0
LF:17
LH:9
end_of_record
SF:lib/src/models/feed/user_feed_request.dart
DA:6,1
DA:12,2
DA:13,1
DA:14,1
DA:23,1
DA:25,1
DA:26,1
DA:29,1
DA:30,1
DA:33,1
DA:34,1
DA:37,1
DA:38,1
DA:39,1
DA:40,1
DA:41,1
LF:16
LH:16
end_of_record
SF:lib/src/models/feed/user_feed_response.dart
DA:11,1
DA:20,1
DA:22,1
DA:23,1
DA:24,1
DA:25,5
DA:26,1
DA:27,4
DA:28,1
DA:29,1
DA:30,1
DA:43,1
DA:51,1
DA:52,1
DA:54,0
DA:57,1
DA:59,1
DA:60,1
DA:61,1
DA:62,2
DA:63,3
DA:64,1
DA:65,3
DA:66,3
DA:68,3
DA:69,0
DA:71,3
DA:72,0
DA:74,0
DA:75,0
DA:79,0
DA:81,0
DA:82,0
DA:83,0
DA:84,0
DA:85,0
DA:86,0
LF:37
LH:25
end_of_record
SF:lib/src/models/feedroom/feedroom_model.dart
DA:49,0
DA:93,0
DA:94,0
DA:95,0
DA:96,0
DA:97,0
DA:98,0
DA:99,0
DA:100,0
DA:101,0
DA:102,0
DA:103,0
DA:104,0
DA:105,0
DA:106,0
DA:107,0
DA:108,0
DA:109,0
DA:110,0
DA:111,0
DA:112,0
DA:113,0
DA:114,0
DA:115,0
DA:116,0
DA:117,0
DA:118,0
DA:119,0
DA:120,0
DA:121,0
DA:122,0
DA:123,0
DA:124,0
DA:125,0
DA:126,0
DA:127,0
DA:128,0
DA:129,0
DA:130,0
DA:131,0
DA:132,0
DA:133,0
DA:134,0
DA:135,0
DA:139,0
DA:140,0
DA:141,0
DA:142,0
DA:143,0
DA:144,0
DA:145,0
DA:146,0
DA:147,0
DA:148,0
DA:149,0
DA:150,0
DA:151,0
DA:152,0
DA:153,0
DA:154,0
DA:155,0
DA:156,0
DA:157,0
DA:158,0
DA:159,0
DA:160,0
DA:161,0
DA:162,0
DA:163,0
DA:164,0
DA:165,0
DA:166,0
DA:167,0
DA:168,0
DA:169,0
DA:170,0
DA:171,0
DA:172,0
DA:173,0
DA:174,0
DA:175,0
DA:176,0
DA:177,0
DA:178,0
DA:179,0
DA:180,0
DA:181,0
DA:262,0
DA:306,0
DA:307,0
DA:309,0
LF:91
LH:0
end_of_record
SF:lib/src/models/feedroom/feedroom_model.g.dart
DA:9,0
DA:10,0
DA:11,0
DA:12,0
DA:13,0
DA:14,0
DA:15,0
DA:16,0
DA:17,0
DA:18,0
DA:19,0
DA:20,0
DA:21,0
DA:22,0
DA:23,0
DA:24,0
DA:25,0
DA:26,0
DA:27,0
DA:28,0
DA:29,0
DA:30,0
DA:31,0
DA:32,0
DA:33,0
DA:34,0
DA:35,0
DA:36,0
DA:37,0
DA:38,0
DA:39,0
DA:40,0
DA:41,0
DA:42,0
DA:43,0
DA:44,0
DA:45,0
DA:46,0
DA:47,0
DA:48,0
DA:49,0
DA:50,0
DA:51,0
DA:54,0
DA:55,0
DA:56,0
DA:57,0
DA:58,0
DA:59,0
DA:60,0
DA:61,0
DA:62,0
DA:63,0
DA:64,0
DA:65,0
DA:66,0
DA:67,0
DA:68,0
DA:69,0
DA:70,0
DA:71,0
DA:72,0
DA:73,0
DA:74,0
DA:75,0
DA:76,0
DA:77,0
DA:78,0
DA:79,0
DA:80,0
DA:81,0
DA:82,0
DA:83,0
DA:84,0
DA:85,0
DA:86,0
DA:87,0
DA:88,0
DA:89,0
DA:90,0
DA:91,0
DA:92,0
DA:93,0
DA:94,0
DA:95,0
DA:96,0
LF:86
LH:0
end_of_record
SF:lib/src/models/feedroom/get_feed_feedroom_request_model.dart
DA:9,0
DA:16,0
DA:17,0
DA:18,0
DA:19,0
DA:20,0
DA:30,0
DA:31,0
DA:34,0
DA:35,0
DA:38,0
DA:39,0
DA:42,0
DA:43,0
DA:46,0
DA:47,0
DA:48,0
DA:49,0
DA:50,0
DA:51,0
LF:20
LH:0
end_of_record
SF:lib/src/models/feedroom/get_feed_feedroom_response_model.dart
DA:13,0
DA:21,0
DA:23,0
DA:24,0
DA:25,0
DA:27,0
DA:28,0
DA:29,0
DA:30,0
DA:31,0
DA:33,0
DA:34,0
DA:35,0
DA:36,0
DA:37,0
DA:38,0
DA:51,0
DA:59,0
DA:60,0
DA:62,0
DA:63,0
LF:21
LH:0
end_of_record
SF:lib/src/models/feedroom/get_feed_feedroom_response_model.g.dart
DA:9,0
DA:11,0
DA:12,0
DA:13,0
DA:14,0
DA:15,0
DA:16,0
DA:17,0
DA:18,0
DA:20,0
DA:21,0
DA:22,0
DA:24,0
DA:27,0
DA:29,0
DA:30,0
DA:31,0
DA:32,0
DA:33,0
DA:34,0
LF:20
LH:0
end_of_record
SF:lib/src/models/feedroom/get_feedroom_request_model.dart
DA:5,0
DA:10,0
DA:11,0
DA:12,0
DA:20,0
DA:22,0
DA:23,0
DA:26,0
DA:27,0
DA:30,0
DA:31,0
DA:32,0
DA:33,0
LF:13
LH:0
end_of_record
SF:lib/src/models/feedroom/get_feedroom_response_model.dart
DA:13,0
DA:21,0
DA:22,0
DA:23,0
DA:24,0
DA:25,0
DA:27,0
DA:28,0
DA:29,0
DA:30,0
DA:35,0
DA:36,0
DA:37,0
DA:38,0
DA:39,0
DA:40,0
DA:41,0
DA:57,0
DA:65,0
DA:66,0
DA:68,0
LF:21
LH:0
end_of_record
SF:lib/src/models/feedroom/get_feedroom_response_model.g.dart
DA:9,0
DA:11,0
DA:12,0
DA:13,0
DA:15,0
DA:16,0
DA:17,0
DA:18,0
DA:19,0
DA:20,0
DA:21,0
DA:24,0
DA:26,0
DA:27,0
DA:28,0
DA:29,0
DA:30,0
DA:31,0
LF:18
LH:0
end_of_record
SF:lib/src/models/helper/decode_url_request_model.dart
DA:4,0
DA:8,0
DA:9,0
DA:16,0
DA:17,0
DA:20,0
DA:21,0
DA:22,0
LF:8
LH:0
end_of_record
SF:lib/src/models/helper/decode_url_response_model.dart
DA:11,0
DA:17,0
DA:18,0
DA:19,0
DA:20,0
DA:21,0
DA:25,0
DA:26,0
DA:27,0
DA:28,0
DA:29,0
DA:42,0
DA:48,0
DA:49,0
DA:51,0
LF:15
LH:0
end_of_record
SF:lib/src/models/helper/decode_url_response_model.g.dart
DA:9,0
DA:11,0
DA:12,0
DA:13,0
DA:14,0
DA:16,0
DA:17,0
DA:20,0
DA:22,0
DA:23,0
DA:24,0
DA:25,0
LF:12
LH:0
end_of_record
SF:lib/src/models/helper/og_tags_model.dart
DA:11,0
DA:18,0
DA:19,0
DA:20,0
DA:21,0
DA:22,0
DA:23,0
DA:27,0
DA:28,0
DA:29,0
DA:30,0
DA:31,0
DA:32,0
DA:44,0
DA:51,0
DA:52,0
DA:54,0
LF:17
LH:0
end_of_record
SF:lib/src/models/helper/og_tags_model.g.dart
DA:9,0
DA:10,0
DA:11,0
DA:12,0
DA:13,0
DA:16,0
DA:17,0
DA:18,0
DA:19,0
DA:20,0
DA:21,0
LF:11
LH:0
end_of_record
SF:lib/src/models/helper/group_tag_model.dart
DA:12,0
DA:20,0
DA:21,0
DA:22,0
DA:23,0
DA:24,0
DA:25,0
DA:26,0
DA:30,0
DA:31,0
DA:32,0
DA:33,0
DA:34,0
DA:35,0
DA:36,0
DA:51,0
DA:59,0
DA:60,0
DA:62,0
LF:19
LH:0
end_of_record
SF:lib/src/models/helper/group_tag_model.g.dart
DA:9,0
DA:10,0
DA:11,0
DA:12,0
DA:13,0
DA:14,0
DA:15,0
DA:18,0
DA:19,0
DA:20,0
DA:21,0
DA:22,0
DA:23,0
DA:24,0
LF:14
LH:0
end_of_record
SF:lib/src/models/helper/tag_request_model.dart
DA:7,0
DA:14,0
DA:15,0
DA:16,0
DA:17,0
DA:18,0
DA:19,0
DA:30,0
DA:31,0
DA:34,0
DA:35,0
DA:38,0
DA:39,0
DA:42,0
DA:43,0
DA:46,0
DA:47,0
DA:48,0
DA:49,0
DA:50,0
DA:51,0
LF:21
LH:0
end_of_record
SF:lib/src/models/helper/tag_response_model.dart
DA:13,0
DA:20,0
DA:22,0
DA:23,0
DA:24,0
DA:25,0
DA:26,0
DA:30,0
DA:31,0
DA:32,0
DA:33,0
DA:34,0
DA:35,0
DA:53,0
DA:60,0
DA:61,0
DA:63,0
LF:17
LH:0
end_of_record
SF:lib/src/models/helper/tag_response_model.g.dart
DA:9,0
DA:11,0
DA:12,0
DA:13,0
DA:14,0
DA:15,0
DA:16,0
DA:17,0
DA:18,0
DA:19,0
DA:20,0
DA:23,0
DA:25,0
DA:26,0
DA:27,0
DA:28,0
DA:29,0
LF:17
LH:0
end_of_record
SF:lib/src/models/helper/user_tag_model.dart
DA:15,0
DA:25,0
DA:26,0
DA:27,0
DA:28,0
DA:29,0
DA:30,0
DA:31,0
DA:32,0
DA:33,0
DA:37,0
DA:38,0
DA:39,0
DA:40,0
DA:41,0
DA:42,0
DA:43,0
DA:44,0
DA:45,0
DA:49,0
DA:50,0
DA:73,0
DA:83,0
DA:84,0
DA:86,0
LF:25
LH:0
end_of_record
SF:lib/src/models/helper/user_tag_model.g.dart
DA:9,0
DA:10,0
DA:11,0
DA:12,0
DA:13,0
DA:14,0
DA:15,0
DA:16,0
DA:17,0
DA:19,0
DA:20,0
DA:23,0
DA:24,0
DA:25,0
DA:26,0
DA:27,0
DA:28,0
DA:29,0
DA:30,0
DA:31,0
LF:20
LH:0
end_of_record
SF:lib/src/models/logger/device_details.dart
DA:18,0
DA:27,0
DA:28,0
DA:30,0
DA:41,0
DA:42,0
DA:45,0
DA:46,0
DA:49,0
DA:50,0
DA:53,0
DA:54,0
DA:57,0
DA:58,0
DA:61,0
DA:62,0
DA:65,0
DA:66,0
DA:67,0
DA:68,0
DA:69,0
DA:71,0
DA:72,0
DA:73,0
DA:74,0
DA:75,0
DA:76,0
DA:77,0
LF:28
LH:0
end_of_record
SF:lib/src/models/logger/device_details.g.dart
DA:9,0
DA:10,0
DA:11,0
DA:12,0
DA:13,0
DA:14,0
DA:15,0
DA:16,0
DA:19,0
DA:20,0
DA:21,0
DA:22,0
DA:23,0
DA:24,0
DA:25,0
DA:26,0
LF:16
LH:0
end_of_record
SF:lib/src/models/logger/log.dart
DA:34,0
DA:42,0
DA:44,0
DA:54,0
DA:55,0
DA:58,0
DA:59,0
DA:62,0
DA:63,0
DA:66,0
DA:67,0
DA:70,0
DA:71,0
DA:74,0
DA:75,0
DA:76,0
DA:77,0
DA:79,0
DA:80,0
DA:81,0
DA:82,0
DA:83,0
DA:84,0
LF:23
LH:0
end_of_record
SF:lib/src/models/logger/log.g.dart
DA:9,0
DA:10,0
DA:12,0
DA:14,0
DA:15,0
DA:17,0
DA:18,0
DA:21,0
DA:22,0
DA:23,0
DA:24,0
DA:25,0
DA:26,0
LF:13
LH:0
end_of_record
SF:lib/src/models/logger/sdk_meta.dart
DA:14,0
DA:20,0
DA:21,0
DA:23,0
DA:31,0
DA:32,0
DA:35,0
DA:36,0
DA:39,0
DA:40,0
DA:43,0
DA:44,0
DA:45,0
DA:46,0
DA:47,0
LF:15
LH:0
end_of_record
SF:lib/src/models/logger/sdk_meta.g.dart
DA:9,0
DA:10,0
DA:11,0
DA:12,0
DA:15,0
DA:16,0
DA:17,0
DA:18,0
LF:8
LH:0
end_of_record
SF:lib/src/models/logger/stacktrace.dart
DA:5,0
DA:10,0
DA:11,0
DA:14,0
DA:21,0
DA:22,0
DA:25,0
DA:26,0
DA:29,0
DA:30,0
DA:31,0
DA:32,0
LF:12
LH:0
end_of_record
SF:lib/src/models/logger/push_log_request.dart
DA:6,0
DA:8,0
DA:9,0
DA:16,0
DA:17,0
DA:20,0
DA:21,0
DA:23,0
LF:8
LH:0
end_of_record
SF:lib/src/models/logger/push_log_response.dart
DA:5,0
DA:7,0
DA:8,0
DA:9,0
DA:12,0
DA:13,0
DA:21,0
DA:23,0
DA:24,0
DA:25,0
DA:28,0
DA:29,0
LF:12
LH:0
end_of_record
SF:lib/src/models/post/post_model.dart
DA:25,1
DA:43,1
DA:44,1
DA:45,1
DA:46,1
DA:47,1
DA:48,1
DA:49,3
DA:50,1
DA:51,1
DA:52,1
DA:53,1
DA:54,1
DA:55,1
DA:56,1
DA:57,1
DA:58,1
DA:59,3
DA:60,1
DA:61,1
DA:62,2
DA:63,2
DA:66,0
DA:67,0
DA:68,0
DA:69,0
DA:70,0
DA:71,0
DA:72,0
DA:73,0
DA:74,0
DA:75,0
DA:76,0
DA:77,0
DA:78,0
DA:79,0
DA:80,0
DA:81,0
DA:82,0
DA:116,1
DA:133,1
DA:134,1
DA:136,0
LF:43
LH:25
end_of_record
SF:lib/src/models/post/post_model.g.dart
DA:9,2
DA:10,1
DA:11,1
DA:12,1
DA:13,3
DA:14,1
DA:15,1
DA:16,1
DA:17,1
DA:18,1
DA:19,1
DA:20,1
DA:21,1
DA:22,1
DA:23,1
DA:24,2
DA:25,1
DA:26,1
DA:27,1
DA:28,1
DA:30,3
DA:33,0
DA:34,0
DA:35,0
DA:36,0
DA:37,0
DA:38,0
DA:39,0
DA:40,0
DA:41,0
DA:42,0
DA:43,0
DA:44,0
DA:45,0
DA:46,0
DA:47,0
DA:48,0
DA:49,0
LF:38
LH:21
end_of_record
SF:lib/src/models/post/add_post_request_model.dart
DA:9,1
DA:16,1
DA:17,1
DA:18,1
DA:19,3
DA:20,1
DA:21,1
DA:32,1
DA:34,1
DA:35,1
DA:38,1
DA:39,1
DA:42,1
DA:43,1
DA:46,0
DA:47,0
DA:50,1
DA:51,1
DA:52,1
DA:53,1
DA:54,1
DA:55,1
LF:22
LH:20
end_of_record
SF:lib/src/models/post/add_post_response_model.dart
DA:14,1
DA:23,1
DA:24,1
DA:25,1
DA:26,1
DA:27,1
DA:28,1
DA:29,2
DA:30,0
DA:32,0
DA:35,1
DA:51,1
DA:60,1
DA:61,1
DA:63,0
LF:15
LH:12
end_of_record
SF:lib/src/models/post/add_post_response_model.g.dart
DA:9,1
DA:11,1
DA:12,1
DA:13,1
DA:14,1
DA:16,3
DA:18,3
DA:19,2
DA:21,1
DA:22,1
DA:26,3
DA:27,0
DA:29,1
DA:30,2
DA:31,3
DA:32,0
DA:33,0
DA:34,0
DA:38,0
DA:40,0
DA:41,0
DA:42,0
DA:43,0
DA:44,0
LF:24
LH:14
end_of_record
SF:lib/src/models/post/delete_post_request_model.dart
DA:5,1
DA:10,1
DA:11,1
DA:12,1
DA:21,1
DA:22,1
DA:25,1
DA:26,1
DA:29,1
DA:30,1
DA:31,1
DA:32,1
LF:12
LH:12
end_of_record
SF:lib/src/models/post/delete_post_response_model.dart
DA:9,1
DA:11,1
DA:12,1
DA:13,1
DA:14,1
DA:25,1
DA:27,1
DA:28,1
DA:30,0
LF:9
LH:8
end_of_record
SF:lib/src/models/post/delete_post_response_model.g.dart
DA:9,1
DA:11,1
DA:12,1
DA:13,1
DA:16,0
DA:18,0
DA:19,0
DA:20,0
LF:8
LH:4
end_of_record
SF:lib/src/models/post/get_likes_request_model.dart
DA:6,1
DA:18,1
DA:19,1
DA:22,1
DA:23,1
DA:26,1
DA:27,1
DA:30,1
DA:31,1
DA:32,1
DA:33,1
DA:34,1
LF:12
LH:12
end_of_record
SF:lib/src/models/post/get_likes_response_model.dart
DA:13,1
DA:21,1
DA:22,1
DA:23,1
DA:24,1
DA:25,1
DA:26,5
DA:28,1
DA:29,3
DA:30,2
DA:35,0
DA:36,0
DA:37,0
DA:38,0
DA:39,0
DA:40,0
DA:41,0
DA:42,0
DA:58,1
DA:66,1
DA:67,1
DA:69,0
LF:22
LH:13
end_of_record
SF:lib/src/models/post/get_likes_response_model.g.dart
DA:9,1
DA:11,1
DA:12,1
DA:13,1
DA:14,2
DA:15,3
DA:16,1
DA:17,2
DA:18,3
DA:19,3
DA:23,0
DA:25,0
DA:26,0
DA:27,0
DA:28,0
DA:29,0
DA:30,0
LF:17
LH:10
end_of_record
SF:lib/src/models/post/get_post_request_model.dart
DA:6,1
DA:18,1
DA:19,1
DA:22,1
DA:23,1
DA:26,1
DA:27,1
DA:30,1
DA:31,1
DA:32,1
DA:33,1
DA:34,1
LF:12
LH:12
end_of_record
SF:lib/src/models/post/get_post_response_model.dart
DA:14,1
DA:23,1
DA:24,1
DA:25,1
DA:26,1
DA:27,1
DA:28,2
DA:30,3
DA:31,2
DA:33,2
DA:34,0
DA:36,0
DA:39,1
DA:43,0
DA:44,0
DA:45,0
DA:46,0
DA:47,0
DA:48,0
DA:49,0
DA:51,0
DA:52,0
DA:54,0
DA:57,0
DA:72,1
DA:81,1
DA:82,1
DA:84,0
LF:28
LH:14
end_of_record
SF:lib/src/models/post/get_post_response_model.g.dart
DA:9,1
DA:11,1
DA:12,1
DA:13,1
DA:14,2
DA:16,3
DA:17,3
DA:18,3
DA:20,3
DA:21,0
DA:23,1
DA:24,2
DA:25,3
DA:26,0
DA:27,0
DA:28,0
DA:32,0
DA:34,0
DA:35,0
DA:36,0
DA:37,0
DA:38,0
DA:39,0
LF:23
LH:12
end_of_record
SF:lib/src/models/post/like_post_request_model.dart
DA:4,1
DA:8,0
DA:9,0
DA:12,0
DA:18,1
DA:19,1
DA:22,1
DA:23,1
DA:24,1
LF:9
LH:6
end_of_record
SF:lib/src/models/post/like_post_response_model.dart
DA:10,1
DA:16,1
DA:17,1
DA:18,1
DA:19,1
DA:20,1
DA:24,0
DA:25,0
DA:26,0
DA:27,0
DA:28,0
DA:40,1
DA:46,1
DA:47,1
DA:50,1
DA:51,1
DA:53,0
LF:17
LH:11
end_of_record
SF:lib/src/models/post/like_post_response_model.g.dart
DA:9,1
DA:11,1
DA:12,1
DA:13,1
DA:14,1
DA:17,0
DA:19,0
DA:20,0
DA:21,0
DA:22,0
LF:10
LH:5
end_of_record
SF:lib/src/models/post/like_model.dart
DA:11,1
DA:18,1
DA:19,1
DA:20,1
DA:21,1
DA:22,1
DA:23,1
DA:27,0
DA:28,0
DA:29,0
DA:30,0
DA:31,0
DA:32,0
DA:48,1
DA:55,1
DA:56,1
DA:58,0
LF:17
LH:10
end_of_record
SF:lib/src/models/post/like_model.g.dart
DA:9,2
DA:10,1
DA:11,1
DA:12,1
DA:13,1
DA:16,0
DA:17,0
DA:18,0
DA:19,0
DA:20,0
DA:21,0
LF:11
LH:5
end_of_record
SF:lib/src/models/post/pin_post_request_model.dart
DA:4,1
DA:8,0
DA:9,0
DA:16,1
DA:18,1
DA:19,1
DA:22,1
DA:23,1
DA:24,1
LF:9
LH:7
end_of_record
SF:lib/src/models/post/pin_post_response_model.dart
DA:9,1
DA:14,1
DA:15,1
DA:16,1
DA:17,1
DA:21,0
DA:22,0
DA:23,0
DA:24,0
DA:35,1
DA:40,0
DA:41,0
DA:43,0
LF:13
LH:6
end_of_record
SF:lib/src/models/post/pin_post_response_model.g.dart
DA:9,0
DA:11,0
DA:12,0
DA:13,0
DA:16,0
DA:18,0
DA:19,0
DA:20,0
LF:8
LH:0
end_of_record
SF:lib/src/models/post/save_post_request.dart
DA:4,1
DA:8,0
DA:9,0
DA:16,1
DA:18,1
DA:19,1
DA:22,1
DA:23,1
DA:24,1
LF:9
LH:7
end_of_record
SF:lib/src/models/post/save_post_response.dart
DA:9,1
DA:14,1
DA:15,1
DA:16,1
DA:17,1
DA:21,0
DA:22,0
DA:23,0
DA:24,0
DA:35,1
DA:40,1
DA:41,1
DA:43,0
LF:13
LH:8
end_of_record
SF:lib/src/models/post/save_post_response_model.g.dart
DA:9,1
DA:11,1
DA:12,1
DA:13,1
DA:16,0
DA:18,0
DA:19,0
DA:20,0
LF:8
LH:4
end_of_record
SF:lib/src/models/post/edit_post_request_model.dart
DA:9,1
DA:16,1
DA:17,1
DA:18,1
DA:19,3
DA:20,1
DA:31,1
DA:33,1
DA:34,1
DA:37,1
DA:38,1
DA:41,1
DA:42,1
DA:45,0
DA:46,0
DA:49,1
DA:50,1
DA:51,1
DA:52,1
DA:53,1
DA:54,1
LF:21
LH:19
end_of_record
SF:lib/src/models/post/edit_post_response_model.dart
DA:14,1
DA:23,1
DA:24,1
DA:25,1
DA:26,1
DA:27,1
DA:28,1
DA:29,2
DA:30,0
DA:32,0
DA:35,1
DA:39,0
DA:40,0
DA:41,0
DA:42,0
DA:43,0
DA:44,0
DA:45,0
DA:46,0
DA:48,0
DA:51,0
DA:66,1
DA:75,1
DA:76,1
DA:78,0
LF:25
LH:12
end_of_record
SF:lib/src/models/post/edit_post_response_model.g.dart
DA:9,1
DA:11,1
DA:12,1
DA:13,1
DA:14,1
DA:16,3
DA:18,3
DA:19,2
DA:21,1
DA:22,1
DA:26,3
DA:27,0
DA:29,1
DA:30,2
DA:31,3
DA:32,0
DA:33,0
DA:34,0
DA:38,0
DA:40,0
DA:41,0
DA:42,0
DA:43,0
DA:44,0
DA:45,0
LF:25
LH:14
end_of_record
SF:lib/src/models/post/post_report_request.dart
DA:8,0
DA:16,0
DA:17,0
DA:18,0
DA:19,0
DA:20,0
DA:21,0
DA:22,0
DA:34,0
DA:36,0
DA:37,0
DA:40,0
DA:41,0
DA:44,0
DA:45,0
DA:48,0
DA:49,0
DA:52,0
DA:53,0
DA:56,0
DA:57,0
DA:58,0
DA:59,0
DA:60,0
DA:61,0
DA:62,0
LF:26
LH:0
end_of_record
SF:lib/src/models/post/post_report_response.dart
DA:5,0
DA:7,0
DA:8,0
DA:9,0
DA:12,0
DA:13,0
DA:14,0
DA:15,0
DA:24,0
DA:26,0
DA:27,0
DA:28,0
DA:29,0
DA:33,0
DA:34,0
DA:35,0
DA:36,0
LF:17
LH:0
end_of_record
SF:lib/src/models/widget/get_widget_request.dart
DA:7,0
DA:14,0
DA:15,0
DA:16,0
DA:17,0
DA:18,0
DA:28,0
DA:29,0
DA:32,0
DA:33,0
DA:36,0
DA:37,0
DA:40,0
DA:41,0
DA:44,0
DA:45,0
DA:46,0
DA:47,0
DA:48,0
DA:49,0
LF:20
LH:0
end_of_record
SF:lib/src/models/widget/get_widget_response.dart
DA:8,0
DA:14,0
DA:15,0
DA:16,0
DA:17,0
DA:18,0
DA:19,0
DA:20,0
DA:21,0
DA:22,0
DA:23,0
DA:24,0
DA:25,0
LF:13
LH:0
end_of_record
SF:lib/src/models/widget/widget.dart
DA:10,0
DA:20,0
DA:21,0
DA:22,0
DA:23,0
DA:24,0
DA:25,0
DA:26,0
DA:27,0
DA:28,0
DA:42,0
DA:52,0
DA:53,0
DA:54,0
DA:55,0
DA:56,0
DA:57,0
DA:58,0
DA:59,0
DA:60,0
LF:20
LH:0
end_of_record
SF:lib/src/models/moderation/delete_reason_model.dart
DA:9,0
DA:11,0
DA:12,0
DA:13,0
DA:14,0
DA:18,0
DA:19,0
DA:20,0
DA:21,0
DA:31,0
DA:33,0
DA:34,0
DA:36,0
LF:13
LH:0
end_of_record
SF:lib/src/models/moderation/delete_reason_model.g.dart
DA:9,0
DA:10,0
DA:11,0
DA:12,0
DA:15,0
DA:16,0
DA:17,0
DA:18,0
LF:8
LH:0
end_of_record
SF:lib/src/models/notification_feed/get_notification_feed_request_model.dart
DA:5,1
DA:7,0
DA:8,0
DA:9,0
DA:10,0
DA:19,1
DA:21,1
DA:22,1
DA:25,1
DA:26,1
DA:29,1
DA:30,1
DA:31,0
DA:33,1
DA:34,0
DA:36,1
DA:37,1
DA:38,1
LF:18
LH:12
end_of_record
SF:lib/src/models/notification_feed/get_notification_feed_response_model.dart
DA:12,1
DA:19,1
DA:21,1
DA:22,1
DA:23,1
DA:25,5
DA:26,2
DA:27,2
DA:29,1
DA:35,0
DA:36,0
DA:37,0
DA:38,0
DA:39,0
DA:52,1
DA:59,1
DA:61,1
DA:63,0
DA:64,0
LF:19
LH:12
end_of_record
SF:lib/src/models/notification_feed/get_notification_feed_response_model.g.dart
DA:9,1
DA:11,1
DA:12,1
DA:13,1
DA:14,2
DA:15,1
DA:16,2
DA:20,1
DA:21,3
DA:22,2
DA:24,1
DA:31,0
DA:33,0
DA:34,0
DA:35,0
DA:36,0
LF:16
LH:11
end_of_record
SF:lib/src/models/notification_feed/get_unread_notification_count_response_model.dart
DA:10,1
DA:16,1
DA:18,1
DA:19,1
DA:20,1
DA:21,1
DA:25,0
DA:26,0
DA:27,0
DA:28,0
DA:29,0
DA:40,1
DA:46,1
DA:48,1
DA:50,0
DA:51,0
LF:16
LH:9
end_of_record
SF:lib/src/models/notification_feed/get_unread_notification_count_response_model.g.dart
DA:9,1
DA:12,1
DA:13,1
DA:14,1
DA:15,2
DA:18,0
DA:20,0
DA:21,0
DA:22,0
DA:23,0
LF:10
LH:5
end_of_record
SF:lib/src/models/notification_feed/mark_read_notification_request_model.dart
DA:4,0
DA:6,0
DA:7,0
DA:8,0
DA:16,0
DA:18,0
DA:19,0
DA:23,0
DA:24,0
DA:25,0
DA:27,0
DA:28,0
LF:12
LH:0
end_of_record
SF:lib/src/models/notification_feed/mark_read_notification_response_model.dart
DA:9,0
DA:14,0
DA:16,0
DA:17,0
DA:18,0
DA:22,0
DA:23,0
DA:24,0
DA:25,0
DA:36,0
DA:41,0
DA:43,0
DA:45,0
DA:46,0
LF:14
LH:0
end_of_record
SF:lib/src/models/notification_feed/mark_read_notification_response_model.g.dart
DA:9,0
DA:11,0
DA:12,0
DA:13,0
DA:16,0
DA:18,0
DA:19,0
DA:20,0
LF:8
LH:0
end_of_record
SF:lib/src/models/notification_feed/notification_feed_item_model.dart
DA:22,1
DA:38,1
DA:39,1
DA:40,1
DA:41,1
DA:42,1
DA:43,1
DA:44,1
DA:45,1
DA:46,1
DA:47,1
DA:48,1
DA:49,1
DA:50,1
DA:51,1
DA:52,1
DA:56,0
DA:57,0
DA:58,0
DA:59,0
DA:60,0
DA:61,0
DA:62,0
DA:63,0
DA:64,0
DA:65,0
DA:66,0
DA:67,0
DA:68,0
DA:69,0
DA:70,0
DA:91,1
DA:107,1
DA:108,1
DA:110,0
LF:35
LH:19
end_of_record
SF:lib/src/models/notification_feed/notification_feed_item_model.g.dart
DA:9,1
DA:11,1
DA:12,1
DA:13,1
DA:14,1
DA:15,1
DA:16,2
DA:18,1
DA:19,1
DA:20,1
DA:21,1
DA:22,1
DA:25,1
DA:26,1
DA:27,1
DA:28,1
DA:29,1
DA:30,1
DA:31,1
DA:32,1
DA:35,0
DA:37,0
DA:38,0
DA:39,0
DA:40,0
DA:41,0
DA:42,0
DA:43,0
DA:44,0
DA:45,0
DA:46,0
DA:47,0
DA:48,0
DA:49,0
DA:50,0
LF:35
LH:20
end_of_record
SF:lib/src/models/moderation/get_delete_reason_response_model.dart
DA:11,0
DA:17,0
DA:19,0
DA:20,0
DA:21,0
DA:22,0
DA:23,0
DA:24,0
DA:28,0
DA:29,0
DA:30,0
DA:31,0
DA:33,0
DA:46,0
DA:52,0
DA:53,0
DA:55,0
LF:17
LH:0
end_of_record
SF:lib/src/models/moderation/get_delete_reason_response_model.g.dart
DA:9,0
DA:11,0
DA:12,0
DA:13,0
DA:14,0
DA:15,0
DA:16,0
DA:19,0
DA:21,0
DA:22,0
DA:23,0
DA:24,0
LF:12
LH:0
end_of_record
SF:lib/src/models/moderation/get_delete_reason_request_model.dart
DA:4,0
DA:6,0
DA:8,0
DA:9,0
DA:10,0
DA:18,0
DA:20,0
DA:21,0
DA:22,0
DA:24,0
LF:10
LH:0
end_of_record
SF:lib/src/models/notification_feed/activity_entity_data_model.dart
DA:22,1
DA:42,1
DA:43,1
DA:44,1
DA:45,1
DA:46,1
DA:47,1
DA:48,1
DA:49,1
DA:50,1
DA:51,1
DA:52,1
DA:53,1
DA:54,1
DA:55,1
DA:56,1
DA:57,1
DA:58,1
DA:59,1
DA:60,1
DA:64,0
DA:65,0
DA:66,0
DA:67,0
DA:68,0
DA:69,0
DA:70,0
DA:71,0
DA:72,0
DA:73,0
DA:74,0
DA:75,0
DA:76,0
DA:77,0
DA:78,0
DA:79,0
DA:80,0
DA:81,0
DA:82,0
DA:106,1
DA:126,1
DA:127,1
DA:128,1
DA:129,1
DA:130,1
DA:131,1
DA:132,1
DA:133,1
DA:134,1
DA:135,1
DA:136,1
DA:137,1
DA:138,1
DA:139,1
DA:140,1
DA:141,1
DA:142,0
DA:143,0
DA:144,1
DA:145,1
DA:146,1
DA:147,1
DA:148,1
DA:151,0
DA:152,0
DA:153,0
DA:154,0
DA:155,0
DA:156,0
DA:157,0
DA:158,0
DA:159,0
DA:160,0
DA:161,0
DA:162,0
DA:163,0
DA:164,0
DA:165,0
DA:166,0
DA:167,0
DA:168,0
LF:81
LH:42
end_of_record
SF:lib/src/services/api/token_interceptor.dart
DA:9,1
DA:11,1
DA:13,2
DA:14,0
DA:15,0
DA:16,0
DA:18,0
DA:20,2
DA:21,1
DA:25,1
DA:28,1
DA:29,3
DA:30,0
DA:31,0
DA:32,0
DA:33,0
DA:34,0
DA:36,2
DA:37,1
DA:41,0
DA:42,0
DA:43,0
DA:44,0
DA:45,0
DA:47,0
DA:48,0
DA:49,0
DA:50,0
DA:55,0
DA:57,0
DA:58,0
DA:60,0
DA:61,0
DA:62,0
DA:63,0
LF:35
LH:10
end_of_record
SF:lib/src/services/api/log_interceptor.dart
DA:5,1
DA:7,5
DA:8,1
DA:11,1
DA:13,2
DA:15,1
DA:16,4
DA:18,1
DA:21,1
DA:24,2
DA:25,5
DA:27,1
LF:12
LH:12
end_of_record
